<?xml version="1.0" encoding="UTF-8"?>
<testsuite name="com.popitbubble.GridMathTest" tests="15" skipped="0" failures="0" errors="0" timestamp="2026-03-05T06:32:49" hostname="highview-Dell" time="0.014">
  <properties/>
  <testcase name="darken with factor 0 returns original colour" classname="com.popitbubble.GridMathTest" time="0.004"/>
  <testcase name="lighten with factor 0 returns original colour" classname="com.popitbubble.GridMathTest" time="0.0"/>
  <testcase name="isTouching returns true when point is at centre" classname="com.popitbubble.GridMathTest" time="0.0"/>
  <testcase name="bubbleCenter advances correctly across columns" classname="com.popitbubble.GridMathTest" time="0.001"/>
  <testcase name="bubbleRadius uses custom fillFactor" classname="com.popitbubble.GridMathTest" time="0.0"/>
  <testcase name="bubbleRadius uses smaller cell dimension" classname="com.popitbubble.GridMathTest" time="0.0"/>
  <testcase name="isTouching returns true when point is exactly on edge" classname="com.popitbubble.GridMathTest" time="0.0"/>
  <testcase name="lighten with factor 1 returns white" classname="com.popitbubble.GridMathTest" time="0.0"/>
  <testcase name="colour channels are clamped to 0-255" classname="com.popitbubble.GridMathTest" time="0.0"/>
  <testcase name="darken with factor 1 returns black" classname="com.popitbubble.GridMathTest" time="0.0"/>
  <testcase name="Bubble defaults to not popped with scale 1" classname="com.popitbubble.GridMathTest" time="0.001"/>
  <testcase name="isTouching returns false when point is outside radius" classname="com.popitbubble.GridMathTest" time="0.0"/>
  <testcase name="bubbleCenter origin cell is offset by half cell plus padding" classname="com.popitbubble.GridMathTest" time="0.001"/>
  <testcase name="Bubble can be marked as popped" classname="com.popitbubble.GridMathTest" time="0.0"/>
  <testcase name="isTouching works diagonally" classname="com.popitbubble.GridMathTest" time="0.001"/>
  <system-out><![CDATA[]]></system-out>
  <system-err><![CDATA[]]></system-err>
</testsuite>
